<?xml version="1.0" encoding="UTF-8"?>
<robot generator="Robot 3.2.1 (Python 3.8.3 on win32)" generated="20200722 13:24:25.988" rpa="false">
<suite id="s1" name="CommonMicrosites" source="C:\Users\Jaguar\eclipse-workspace\CommonMicrosites">
<suite id="s1-s1" name="Ideal Insurance BA505041" source="C:\Users\Jaguar\eclipse-workspace\CommonMicrosites\Ideal Insurance_BA505041.robot">
<test id="s1-s1-t1" name="Check the list of products in the Ideal Partner">
<kw name="Open Browser" library="SeleniumLibrary">
<doc>Opens a new browser instance to the optional ``url``.</doc>
<arguments>
<arg>${IdealPartner}</arg>
<arg>chrome</arg>
</arguments>
<msg timestamp="20200722 13:24:26.392" level="INFO">Opening browser 'chrome' to base url 'http://10.100.20.34:9190/web/guest/common/products/getquote?agentcode=BA505041'.</msg>
<status status="PASS" starttime="20200722 13:24:26.391" endtime="20200722 13:24:31.383"></status>
</kw>
<kw name="Maximize Browser Window" library="SeleniumLibrary">
<doc>Maximizes current browser window.</doc>
<status status="PASS" starttime="20200722 13:24:31.384" endtime="20200722 13:24:41.240"></status>
</kw>
<kw name="Element Should Not Be Visible" library="SeleniumLibrary">
<doc>Verifies that the element identified by ``locator`` is NOT visible.</doc>
<arguments>
<arg>xpath=.//div[@title='Car Insurance (Brand New and Rollover)']</arg>
</arguments>
<msg timestamp="20200722 13:24:41.294" level="INFO">Element 'xpath=.//div[@title='Car Insurance (Brand New and Rollover)']' exists but is not displayed.</msg>
<status status="PASS" starttime="20200722 13:24:41.245" endtime="20200722 13:24:41.295"></status>
</kw>
<kw name="Log" library="BuiltIn">
<doc>Logs the given message with the given level.</doc>
<arguments>
<arg>Car product is disable in Ideal partner</arg>
</arguments>
<msg timestamp="20200722 13:24:41.296" level="INFO">Car product is disable in Ideal partner</msg>
<status status="PASS" starttime="20200722 13:24:41.295" endtime="20200722 13:24:41.296"></status>
</kw>
<kw name="Element Should Be Visible" library="SeleniumLibrary">
<doc>Verifies that the element identified by ``locator`` is visible.</doc>
<arguments>
<arg>xpath=.//div[@title='Gruh Surakasha Home Insurance']</arg>
</arguments>
<msg timestamp="20200722 13:24:41.337" level="INFO">Element 'xpath=.//div[@title='Gruh Surakasha Home Insurance']' is displayed.</msg>
<status status="PASS" starttime="20200722 13:24:41.297" endtime="20200722 13:24:41.338"></status>
</kw>
<kw name="Get Text" library="SeleniumLibrary">
<doc>Returns the text value of the element identified by ``locator``.</doc>
<arguments>
<arg>xpath=.//div[@title='Gruh Surakasha Home Insurance']</arg>
</arguments>
<assign>
<var>${Gruh_Surakasha}</var>
</assign>
<msg timestamp="20200722 13:24:41.371" level="INFO">${Gruh_Surakasha} = Gruh Surakasha Home Insurance</msg>
<status status="PASS" starttime="20200722 13:24:41.338" endtime="20200722 13:24:41.372"></status>
</kw>
<kw name="Log" library="BuiltIn">
<doc>Logs the given message with the given level.</doc>
<arguments>
<arg>${Gruh_Surakasha} is Present</arg>
</arguments>
<msg timestamp="20200722 13:24:41.373" level="INFO">Gruh Surakasha Home Insurance is Present</msg>
<status status="PASS" starttime="20200722 13:24:41.372" endtime="20200722 13:24:41.373"></status>
</kw>
<kw name="Element Should Be Visible" library="SeleniumLibrary">
<doc>Verifies that the element identified by ``locator`` is visible.</doc>
<arguments>
<arg>xpath=.//div[@title='Individual Personal Accident Insurance']</arg>
</arguments>
<msg timestamp="20200722 13:24:41.409" level="INFO">Element 'xpath=.//div[@title='Individual Personal Accident Insurance']' is displayed.</msg>
<status status="PASS" starttime="20200722 13:24:41.374" endtime="20200722 13:24:41.410"></status>
</kw>
<kw name="Get Text" library="SeleniumLibrary">
<doc>Returns the text value of the element identified by ``locator``.</doc>
<arguments>
<arg>xpath=.//div[@title='Individual Personal Accident Insurance']</arg>
</arguments>
<assign>
<var>${Individual}</var>
</assign>
<msg timestamp="20200722 13:24:41.444" level="INFO">${Individual} = Individual Personal Accident Insurance</msg>
<status status="PASS" starttime="20200722 13:24:41.410" endtime="20200722 13:24:41.445"></status>
</kw>
<kw name="Log" library="BuiltIn">
<doc>Logs the given message with the given level.</doc>
<arguments>
<arg>${Individual} is Present</arg>
</arguments>
<msg timestamp="20200722 13:24:41.446" level="INFO">Individual Personal Accident Insurance is Present</msg>
<status status="PASS" starttime="20200722 13:24:41.445" endtime="20200722 13:24:41.446"></status>
</kw>
<kw name="Element Should Be Visible" library="SeleniumLibrary">
<doc>Verifies that the element identified by ``locator`` is visible.</doc>
<arguments>
<arg>xpath=.//div[@title='Lifeline Health Insurance']</arg>
</arguments>
<msg timestamp="20200722 13:24:41.479" level="INFO">Element 'xpath=.//div[@title='Lifeline Health Insurance']' is displayed.</msg>
<status status="PASS" starttime="20200722 13:24:41.447" endtime="20200722 13:24:41.479"></status>
</kw>
<kw name="Get Text" library="SeleniumLibrary">
<doc>Returns the text value of the element identified by ``locator``.</doc>
<arguments>
<arg>xpath=.//div[@title='Lifeline Health Insurance']</arg>
</arguments>
<assign>
<var>${Lifeline}</var>
</assign>
<msg timestamp="20200722 13:24:41.514" level="INFO">${Lifeline} = Lifeline Health Insurance</msg>
<status status="PASS" starttime="20200722 13:24:41.480" endtime="20200722 13:24:41.515"></status>
</kw>
<kw name="Log" library="BuiltIn">
<doc>Logs the given message with the given level.</doc>
<arguments>
<arg>${Lifeline} is Present</arg>
</arguments>
<msg timestamp="20200722 13:24:41.516" level="INFO">Lifeline Health Insurance is Present</msg>
<status status="PASS" starttime="20200722 13:24:41.515" endtime="20200722 13:24:41.516"></status>
</kw>
<kw name="Element Should Be Visible" library="SeleniumLibrary">
<doc>Verifies that the element identified by ``locator`` is visible.</doc>
<arguments>
<arg>xpath=.//div[@title='InstaRenew']</arg>
</arguments>
<msg timestamp="20200722 13:24:41.552" level="INFO">Element 'xpath=.//div[@title='InstaRenew']' is displayed.</msg>
<status status="PASS" starttime="20200722 13:24:41.517" endtime="20200722 13:24:41.552"></status>
</kw>
<kw name="Get Text" library="SeleniumLibrary">
<doc>Returns the text value of the element identified by ``locator``.</doc>
<arguments>
<arg>xpath=.//div[@title='InstaRenew']</arg>
</arguments>
<assign>
<var>${InstaRenew}</var>
</assign>
<msg timestamp="20200722 13:24:41.588" level="INFO">${InstaRenew} = InstaRenew</msg>
<status status="PASS" starttime="20200722 13:24:41.553" endtime="20200722 13:24:41.588"></status>
</kw>
<kw name="Log" library="BuiltIn">
<doc>Logs the given message with the given level.</doc>
<arguments>
<arg>${InstaRenew} is Present</arg>
</arguments>
<msg timestamp="20200722 13:24:41.589" level="INFO">InstaRenew is Present</msg>
<status status="PASS" starttime="20200722 13:24:41.589" endtime="20200722 13:24:41.590"></status>
</kw>
<kw name="Element Should Be Visible" library="SeleniumLibrary">
<doc>Verifies that the element identified by ``locator`` is visible.</doc>
<arguments>
<arg>xpath=.//div[@title='Family Plus Health Insurance']</arg>
</arguments>
<msg timestamp="20200722 13:24:41.623" level="INFO">Element 'xpath=.//div[@title='Family Plus Health Insurance']' is displayed.</msg>
<status status="PASS" starttime="20200722 13:24:41.590" endtime="20200722 13:24:41.623"></status>
</kw>
<kw name="Get Text" library="SeleniumLibrary">
<doc>Returns the text value of the element identified by ``locator``.</doc>
<arguments>
<arg>xpath=.//div[@title='Family Plus Health Insurance']</arg>
</arguments>
<assign>
<var>${Family_Plus}</var>
</assign>
<msg timestamp="20200722 13:24:41.661" level="INFO">${Family_Plus} = Family Plus Health Insurance</msg>
<status status="PASS" starttime="20200722 13:24:41.624" endtime="20200722 13:24:41.661"></status>
</kw>
<kw name="Log" library="BuiltIn">
<doc>Logs the given message with the given level.</doc>
<arguments>
<arg>${Family_Plus} is Present</arg>
</arguments>
<msg timestamp="20200722 13:24:41.663" level="INFO">Family Plus Health Insurance is Present</msg>
<status status="PASS" starttime="20200722 13:24:41.662" endtime="20200722 13:24:41.663"></status>
</kw>
<kw name="Element Should Be Visible" library="SeleniumLibrary">
<doc>Verifies that the element identified by ``locator`` is visible.</doc>
<arguments>
<arg>xpath=.//div[@title='Commercial Vehicle Insurance']</arg>
</arguments>
<msg timestamp="20200722 13:24:41.698" level="INFO">Element 'xpath=.//div[@title='Commercial Vehicle Insurance']' is displayed.</msg>
<status status="PASS" starttime="20200722 13:24:41.664" endtime="20200722 13:24:41.698"></status>
</kw>
<kw name="Get Text" library="SeleniumLibrary">
<doc>Returns the text value of the element identified by ``locator``.</doc>
<arguments>
<arg>xpath=.//div[@title='Commercial Vehicle Insurance']</arg>
</arguments>
<assign>
<var>${Commercial}</var>
</assign>
<msg timestamp="20200722 13:24:41.733" level="INFO">${Commercial} = Commercial Vehicle Insurance</msg>
<status status="PASS" starttime="20200722 13:24:41.699" endtime="20200722 13:24:41.733"></status>
</kw>
<kw name="Log" library="BuiltIn">
<doc>Logs the given message with the given level.</doc>
<arguments>
<arg>${Commercial} is Present</arg>
</arguments>
<msg timestamp="20200722 13:24:41.735" level="INFO">Commercial Vehicle Insurance is Present</msg>
<status status="PASS" starttime="20200722 13:24:41.734" endtime="20200722 13:24:41.735"></status>
</kw>
<kw name="Element Should Be Visible" library="SeleniumLibrary">
<doc>Verifies that the element identified by ``locator`` is visible.</doc>
<arguments>
<arg>xpath=.//div[@title='Two Wheeler (Brand New and Rollover)']</arg>
</arguments>
<msg timestamp="20200722 13:24:41.768" level="INFO">Element 'xpath=.//div[@title='Two Wheeler (Brand New and Rollover)']' is displayed.</msg>
<status status="PASS" starttime="20200722 13:24:41.735" endtime="20200722 13:24:41.769"></status>
</kw>
<kw name="Get Text" library="SeleniumLibrary">
<doc>Returns the text value of the element identified by ``locator``.</doc>
<arguments>
<arg>xpath=.//div[@title='Two Wheeler (Brand New and Rollover)']</arg>
</arguments>
<assign>
<var>${Two_Wheeler}</var>
</assign>
<msg timestamp="20200722 13:24:41.805" level="INFO">${Two_Wheeler} = Two Wheeler (Brand New And Rollover)</msg>
<status status="PASS" starttime="20200722 13:24:41.769" endtime="20200722 13:24:41.805"></status>
</kw>
<kw name="Log" library="BuiltIn">
<doc>Logs the given message with the given level.</doc>
<arguments>
<arg>${Two_Wheeler} is Present</arg>
</arguments>
<msg timestamp="20200722 13:24:41.806" level="INFO">Two Wheeler (Brand New And Rollover) is Present</msg>
<status status="PASS" starttime="20200722 13:24:41.806" endtime="20200722 13:24:41.807"></status>
</kw>
<kw name="Close Browser" library="SeleniumLibrary" type="teardown">
<doc>Closes the current browser.</doc>
<status status="PASS" starttime="20200722 13:24:41.807" endtime="20200722 13:24:44.044"></status>
</kw>
<doc>Check the products visible or not in Ideal Insurance.</doc>
<status status="PASS" starttime="20200722 13:24:26.388" endtime="20200722 13:24:44.045" critical="yes"></status>
</test>
<status status="PASS" starttime="20200722 13:24:26.074" endtime="20200722 13:24:44.050"></status>
</suite>
<suite id="s1-s2" name="MASS Insurance Broker BA188000" source="C:\Users\Jaguar\eclipse-workspace\CommonMicrosites\MASS Insurance Broker_BA188000.robot">
<test id="s1-s2-t1" name="Check the list of products in the MASS Insurance Broker">
<kw name="Open Browser" library="SeleniumLibrary">
<doc>Opens a new browser instance to the optional ``url``.</doc>
<arguments>
<arg>${Mass}</arg>
<arg>chrome</arg>
</arguments>
<msg timestamp="20200722 13:24:44.073" level="INFO">Opening browser 'chrome' to base url 'http://10.100.20.34:9190/web/guest/common/products/getquote?agentcode=BA188000'.</msg>
<status status="PASS" starttime="20200722 13:24:44.071" endtime="20200722 13:24:53.982"></status>
</kw>
<kw name="Maximize Browser Window" library="SeleniumLibrary">
<doc>Maximizes current browser window.</doc>
<status status="PASS" starttime="20200722 13:24:53.983" endtime="20200722 13:24:55.756"></status>
</kw>
<kw name="Element Should Not Be Visible" library="SeleniumLibrary">
<doc>Verifies that the element identified by ``locator`` is NOT visible.</doc>
<arguments>
<arg>xpath=.//div[@title='Family Plus Health Insurance']</arg>
</arguments>
<msg timestamp="20200722 13:24:55.802" level="INFO">Element 'xpath=.//div[@title='Family Plus Health Insurance']' exists but is not displayed.</msg>
<status status="PASS" starttime="20200722 13:24:55.757" endtime="20200722 13:24:55.802"></status>
</kw>
<kw name="Log" library="BuiltIn">
<doc>Logs the given message with the given level.</doc>
<arguments>
<arg>Family Plus product is disable in Ideal partner</arg>
</arguments>
<msg timestamp="20200722 13:24:55.805" level="INFO">Family Plus product is disable in Ideal partner</msg>
<status status="PASS" starttime="20200722 13:24:55.804" endtime="20200722 13:24:55.805"></status>
</kw>
<kw name="Element Should Be Visible" library="SeleniumLibrary">
<doc>Verifies that the element identified by ``locator`` is visible.</doc>
<arguments>
<arg>xpath=.//div[@title='Gruh Surakasha Home Insurance']</arg>
</arguments>
<msg timestamp="20200722 13:24:55.865" level="INFO">Element 'xpath=.//div[@title='Gruh Surakasha Home Insurance']' is displayed.</msg>
<status status="PASS" starttime="20200722 13:24:55.806" endtime="20200722 13:24:55.865"></status>
</kw>
<kw name="Get Text" library="SeleniumLibrary">
<doc>Returns the text value of the element identified by ``locator``.</doc>
<arguments>
<arg>xpath=.//div[@title='Gruh Surakasha Home Insurance']</arg>
</arguments>
<assign>
<var>${Gruh_Surakasha}</var>
</assign>
<msg timestamp="20200722 13:24:55.901" level="INFO">${Gruh_Surakasha} = Gruh Surakasha Home Insurance</msg>
<status status="PASS" starttime="20200722 13:24:55.866" endtime="20200722 13:24:55.901"></status>
</kw>
<kw name="Log" library="BuiltIn">
<doc>Logs the given message with the given level.</doc>
<arguments>
<arg>${Gruh_Surakasha} is Present</arg>
</arguments>
<msg timestamp="20200722 13:24:55.902" level="INFO">Gruh Surakasha Home Insurance is Present</msg>
<status status="PASS" starttime="20200722 13:24:55.902" endtime="20200722 13:24:55.903"></status>
</kw>
<kw name="Element Should Be Visible" library="SeleniumLibrary">
<doc>Verifies that the element identified by ``locator`` is visible.</doc>
<arguments>
<arg>xpath=.//div[@title='Individual Personal Accident Insurance']</arg>
</arguments>
<msg timestamp="20200722 13:24:55.938" level="INFO">Element 'xpath=.//div[@title='Individual Personal Accident Insurance']' is displayed.</msg>
<status status="PASS" starttime="20200722 13:24:55.903" endtime="20200722 13:24:55.939"></status>
</kw>
<kw name="Get Text" library="SeleniumLibrary">
<doc>Returns the text value of the element identified by ``locator``.</doc>
<arguments>
<arg>xpath=.//div[@title='Individual Personal Accident Insurance']</arg>
</arguments>
<assign>
<var>${Individual}</var>
</assign>
<msg timestamp="20200722 13:24:55.974" level="INFO">${Individual} = Individual Personal Accident Insurance</msg>
<status status="PASS" starttime="20200722 13:24:55.940" endtime="20200722 13:24:55.975"></status>
</kw>
<kw name="Log" library="BuiltIn">
<doc>Logs the given message with the given level.</doc>
<arguments>
<arg>${Individual} is Present</arg>
</arguments>
<msg timestamp="20200722 13:24:55.976" level="INFO">Individual Personal Accident Insurance is Present</msg>
<status status="PASS" starttime="20200722 13:24:55.975" endtime="20200722 13:24:55.976"></status>
</kw>
<kw name="Element Should Be Visible" library="SeleniumLibrary">
<doc>Verifies that the element identified by ``locator`` is visible.</doc>
<arguments>
<arg>xpath=.//div[@title='Lifeline Health Insurance']</arg>
</arguments>
<msg timestamp="20200722 13:24:56.013" level="INFO">Element 'xpath=.//div[@title='Lifeline Health Insurance']' is displayed.</msg>
<status status="PASS" starttime="20200722 13:24:55.977" endtime="20200722 13:24:56.014"></status>
</kw>
<kw name="Get Text" library="SeleniumLibrary">
<doc>Returns the text value of the element identified by ``locator``.</doc>
<arguments>
<arg>xpath=.//div[@title='Gruh Surakasha Home Insurance']</arg>
</arguments>
<assign>
<var>${Lifeline}</var>
</assign>
<msg timestamp="20200722 13:24:56.045" level="INFO">${Lifeline} = Gruh Surakasha Home Insurance</msg>
<status status="PASS" starttime="20200722 13:24:56.014" endtime="20200722 13:24:56.045"></status>
</kw>
<kw name="Log" library="BuiltIn">
<doc>Logs the given message with the given level.</doc>
<arguments>
<arg>${Lifeline} is Present</arg>
</arguments>
<msg timestamp="20200722 13:24:56.046" level="INFO">Gruh Surakasha Home Insurance is Present</msg>
<status status="PASS" starttime="20200722 13:24:56.046" endtime="20200722 13:24:56.047"></status>
</kw>
<kw name="Element Should Be Visible" library="SeleniumLibrary">
<doc>Verifies that the element identified by ``locator`` is visible.</doc>
<arguments>
<arg>xpath=.//div[@title='InstaRenew']</arg>
</arguments>
<msg timestamp="20200722 13:24:56.082" level="INFO">Element 'xpath=.//div[@title='InstaRenew']' is displayed.</msg>
<status status="PASS" starttime="20200722 13:24:56.047" endtime="20200722 13:24:56.082"></status>
</kw>
<kw name="Get Text" library="SeleniumLibrary">
<doc>Returns the text value of the element identified by ``locator``.</doc>
<arguments>
<arg>xpath=.//div[@title='InstaRenew']</arg>
</arguments>
<assign>
<var>${InstaRenew}</var>
</assign>
<msg timestamp="20200722 13:24:56.133" level="INFO">${InstaRenew} = InstaRenew</msg>
<status status="PASS" starttime="20200722 13:24:56.083" endtime="20200722 13:24:56.134"></status>
</kw>
<kw name="Log" library="BuiltIn">
<doc>Logs the given message with the given level.</doc>
<arguments>
<arg>${InstaRenew} is Present</arg>
</arguments>
<msg timestamp="20200722 13:24:56.135" level="INFO">InstaRenew is Present</msg>
<status status="PASS" starttime="20200722 13:24:56.134" endtime="20200722 13:24:56.135"></status>
</kw>
<kw name="Element Should Be Visible" library="SeleniumLibrary">
<doc>Verifies that the element identified by ``locator`` is visible.</doc>
<arguments>
<arg>xpath=.//div[@title='Car Insurance (Brand New and Rollover)']</arg>
</arguments>
<msg timestamp="20200722 13:24:56.169" level="INFO">Element 'xpath=.//div[@title='Car Insurance (Brand New and Rollover)']' is displayed.</msg>
<status status="PASS" starttime="20200722 13:24:56.135" endtime="20200722 13:24:56.169"></status>
</kw>
<kw name="Get Text" library="SeleniumLibrary">
<doc>Returns the text value of the element identified by ``locator``.</doc>
<arguments>
<arg>xpath=.//div[@title='Car Insurance (Brand New and Rollover)']</arg>
</arguments>
<assign>
<var>${car}</var>
</assign>
<msg timestamp="20200722 13:24:56.202" level="INFO">${car} = Car Insurance (Brand New And Rollover)</msg>
<status status="PASS" starttime="20200722 13:24:56.170" endtime="20200722 13:24:56.203"></status>
</kw>
<kw name="Log" library="BuiltIn">
<doc>Logs the given message with the given level.</doc>
<arguments>
<arg>${car} is Present</arg>
</arguments>
<msg timestamp="20200722 13:24:56.204" level="INFO">Car Insurance (Brand New And Rollover) is Present</msg>
<status status="PASS" starttime="20200722 13:24:56.203" endtime="20200722 13:24:56.204"></status>
</kw>
<kw name="Element Should Be Visible" library="SeleniumLibrary">
<doc>Verifies that the element identified by ``locator`` is visible.</doc>
<arguments>
<arg>xpath=.//div[@title='Commercial Vehicle Insurance']</arg>
</arguments>
<msg timestamp="20200722 13:24:56.238" level="INFO">Element 'xpath=.//div[@title='Commercial Vehicle Insurance']' is displayed.</msg>
<status status="PASS" starttime="20200722 13:24:56.204" endtime="20200722 13:24:56.238"></status>
</kw>
<kw name="Get Text" library="SeleniumLibrary">
<doc>Returns the text value of the element identified by ``locator``.</doc>
<arguments>
<arg>xpath=.//div[@title='Commercial Vehicle Insurance']</arg>
</arguments>
<assign>
<var>${Commercial}</var>
</assign>
<msg timestamp="20200722 13:24:56.274" level="INFO">${Commercial} = Commercial Vehicle Insurance</msg>
<status status="PASS" starttime="20200722 13:24:56.239" endtime="20200722 13:24:56.274"></status>
</kw>
<kw name="Log" library="BuiltIn">
<doc>Logs the given message with the given level.</doc>
<arguments>
<arg>${Commercial} is Present</arg>
</arguments>
<msg timestamp="20200722 13:24:56.277" level="INFO">Commercial Vehicle Insurance is Present</msg>
<status status="PASS" starttime="20200722 13:24:56.275" endtime="20200722 13:24:56.277"></status>
</kw>
<kw name="Element Should Be Visible" library="SeleniumLibrary">
<doc>Verifies that the element identified by ``locator`` is visible.</doc>
<arguments>
<arg>xpath=.//div[@title='Two Wheeler (Brand New and Rollover)']</arg>
</arguments>
<msg timestamp="20200722 13:24:56.312" level="INFO">Element 'xpath=.//div[@title='Two Wheeler (Brand New and Rollover)']' is displayed.</msg>
<status status="PASS" starttime="20200722 13:24:56.277" endtime="20200722 13:24:56.313"></status>
</kw>
<kw name="Get Text" library="SeleniumLibrary">
<doc>Returns the text value of the element identified by ``locator``.</doc>
<arguments>
<arg>xpath=.//div[@title='Two Wheeler (Brand New and Rollover)']</arg>
</arguments>
<assign>
<var>${Two_Wheeler}</var>
</assign>
<msg timestamp="20200722 13:24:56.347" level="INFO">${Two_Wheeler} = Two Wheeler (Brand New And Rollover)</msg>
<status status="PASS" starttime="20200722 13:24:56.313" endtime="20200722 13:24:56.348"></status>
</kw>
<kw name="Log" library="BuiltIn">
<doc>Logs the given message with the given level.</doc>
<arguments>
<arg>${Two_Wheeler} is Present</arg>
</arguments>
<msg timestamp="20200722 13:24:56.349" level="INFO">Two Wheeler (Brand New And Rollover) is Present</msg>
<status status="PASS" starttime="20200722 13:24:56.348" endtime="20200722 13:24:56.349"></status>
</kw>
<kw name="Close Browser" library="SeleniumLibrary" type="teardown">
<doc>Closes the current browser.</doc>
<status status="PASS" starttime="20200722 13:24:56.350" endtime="20200722 13:24:58.688"></status>
</kw>
<doc>Check the products visible or not in MASS Insurance.</doc>
<status status="PASS" starttime="20200722 13:24:44.069" endtime="20200722 13:24:58.689" critical="yes"></status>
</test>
<status status="PASS" starttime="20200722 13:24:44.058" endtime="20200722 13:24:58.693"></status>
</suite>
<suite id="s1-s3" name="SMC Insurance Brokers Pvt Ltd BA505764" source="C:\Users\Jaguar\eclipse-workspace\CommonMicrosites\SMC Insurance Brokers Pvt Ltd_BA505764.robot">
<test id="s1-s3-t1" name="Check the list of products in the SMC partner">
<kw name="Open Browser" library="SeleniumLibrary">
<doc>Opens a new browser instance to the optional ``url``.</doc>
<arguments>
<arg>${SMCPartner}</arg>
<arg>chrome</arg>
</arguments>
<msg timestamp="20200722 13:24:58.721" level="INFO">Opening browser 'chrome' to base url 'http://10.100.20.34:9190/web/guest/common/products/getquote?agentcode=BA505764'.</msg>
<status status="PASS" starttime="20200722 13:24:58.718" endtime="20200722 13:25:05.565"></status>
</kw>
<kw name="Maximize Browser Window" library="SeleniumLibrary">
<doc>Maximizes current browser window.</doc>
<status status="PASS" starttime="20200722 13:25:05.566" endtime="20200722 13:25:06.854"></status>
</kw>
<kw name="Element Should Not Be Visible" library="SeleniumLibrary">
<doc>Verifies that the element identified by ``locator`` is NOT visible.</doc>
<arguments>
<arg>xpath=.//div[@title='Lifeline Health Insurance']</arg>
</arguments>
<kw name="Capture Page Screenshot" library="SeleniumLibrary">
<doc>Takes a screenshot of the current page and embeds it into a log file.</doc>
<msg timestamp="20200722 13:25:07.597" level="INFO" html="yes">&lt;/td&gt;&lt;/tr&gt;&lt;tr&gt;&lt;td colspan="3"&gt;&lt;a href="selenium-screenshot-1.png"&gt;&lt;img src="selenium-screenshot-1.png" width="800px"&gt;&lt;/a&gt;</msg>
<status status="PASS" starttime="20200722 13:25:06.900" endtime="20200722 13:25:07.598"></status>
</kw>
<msg timestamp="20200722 13:25:07.763" level="FAIL">The element 'xpath=.//div[@title='Lifeline Health Insurance']' should not be visible, but it is.</msg>
<status status="FAIL" starttime="20200722 13:25:06.856" endtime="20200722 13:25:07.765"></status>
</kw>
<kw name="Close Browser" library="SeleniumLibrary" type="teardown">
<doc>Closes the current browser.</doc>
<status status="PASS" starttime="20200722 13:25:07.771" endtime="20200722 13:25:09.988"></status>
</kw>
<doc>Check the products visible or not SMC Insurance Brokers Pvt Ltd.</doc>
<status status="FAIL" starttime="20200722 13:24:58.714" endtime="20200722 13:25:09.989" critical="yes">The element 'xpath=.//div[@title='Lifeline Health Insurance']' should not be visible, but it is.</status>
</test>
<status status="FAIL" starttime="20200722 13:24:58.700" endtime="20200722 13:25:09.993"></status>
</suite>
<status status="FAIL" starttime="20200722 13:24:26.034" endtime="20200722 13:25:10.003"></status>
</suite>
<statistics>
<total>
<stat pass="2" fail="1">Critical Tests</stat>
<stat pass="2" fail="1">All Tests</stat>
</total>
<tag>
</tag>
<suite>
<stat pass="2" fail="1" id="s1" name="CommonMicrosites">CommonMicrosites</stat>
<stat pass="1" fail="0" id="s1-s1" name="Ideal Insurance BA505041">CommonMicrosites.Ideal Insurance BA505041</stat>
<stat pass="1" fail="0" id="s1-s2" name="MASS Insurance Broker BA188000">CommonMicrosites.MASS Insurance Broker BA188000</stat>
<stat pass="0" fail="1" id="s1-s3" name="SMC Insurance Brokers Pvt Ltd BA505764">CommonMicrosites.SMC Insurance Brokers Pvt Ltd BA505764</stat>
</suite>
</statistics>
<errors>
</errors>
</robot>
